<?xml version="1.0" encoding="UTF-8"?>
<testng-results ignored="0" total="1" passed="1" failed="0" skipped="0">
  <reporter-output>
  </reporter-output>
  <suite started-at="2018-01-07T18:51:02Z" name="Default suite" finished-at="2018-01-07T18:51:38Z" duration-ms="35542">
    <groups>
      <group name="REGRESSION">
        <method signature="IstqSample.testMain()[pri:0, instance:IstqSample@6cd24612]" name="testMain" class="IstqSample"/>
      </group> <!-- REGRESSION -->
      <group name="DAILY">
        <method signature="IstqSample.testMain()[pri:0, instance:IstqSample@6cd24612]" name="testMain" class="IstqSample"/>
      </group> <!-- DAILY -->
      <group name="BASE">
        <method signature="IstqSample.testMain()[pri:0, instance:IstqSample@6cd24612]" name="testMain" class="IstqSample"/>
      </group> <!-- BASE -->
    </groups>
    <test started-at="2018-01-07T18:51:02Z" name="Default test" finished-at="2018-01-07T18:51:38Z" duration-ms="35542">
      <class name="IstqSample">
        <test-method signature="testMain()[pri:0, instance:IstqSample@6cd24612]" started-at="2018-01-07T19:51:02Z" name="testMain" test-instance-name="IstqSample" finished-at="2018-01-07T19:51:37Z" duration-ms="35204" status="PASS">
          <reporter-output>
          </reporter-output>
        </test-method> <!-- testMain -->
        <test-method is-config="true" signature="testFinished()[pri:0, instance:IstqSample@6cd24612]" started-at="2018-01-07T19:51:37Z" name="testFinished" test-instance-name="IstqSample" finished-at="2018-01-07T19:51:38Z" duration-ms="301" status="PASS">
          <reporter-output>
          </reporter-output>
        </test-method> <!-- testFinished -->
      </class> <!-- IstqSample -->
    </test> <!-- Default test -->
  </suite> <!-- Default suite -->
</testng-results>
